2 listeners
<testsuite name="Mocha Tests" tests="38" failures="0" errors="0" skipped="0" timestamp="Sat, 14 May 2016 20:01:44 GMT" time="16.616">
<testcase classname="Routing Website" name="should return index.html" time="0.015"/>
<testcase classname="Routing Website" name="should return /login" time="0.005"/>
<testcase classname="Routing Security" name="should be prevented from using secure URIs before login" time="0.005"/>
<testcase classname="Routing Security" name="should not allow empty login" time="0.003"/>
<testcase classname="Routing Security" name="should not allow invalid login" time="0.052"/>
<testcase classname="Routing Security" name="should allow valid login" time="0.074"/>
<testcase classname="Routing Security" name="should allow access to secure URIs post login" time="0.251"/>
<testcase classname="Routing Path param checking" name="should detect when timeFrom is not a number" time="0.024"/>
<testcase classname="Routing Path param checking" name="should detect when timeTill is not a number" time="0.008"/>
<testcase classname="Routing Path param checking" name="should detect when dronename is not valid" time="0.083"/>
<testcase classname="Routing Sensor Endpoints" name="should return data from a set point" time="0.112"/>
<testcase classname="Routing Sensor Endpoints" name="should return data between two points" time="0.144"/>
<testcase classname="Routing Sensor Endpoints" name="should return data between two points with a type" time="0.109"/>
<testcase classname="Routing Image Endpoints" name="GET /api/images should return imageFile list" time="0.116"/>
<testcase classname="Routing Image Endpoints" name="POST /api/images/:docID should accept valid image" time="0.825"/>
<testcase classname="Routing Image Endpoints" name="GET /api/images/:docID should return image" time="0.196"/>
<testcase classname="Routing Image Endpoints" name="DELETE /api/images should delete image" time="0.249"/>
<testcase classname="Routing Image Endpoints" name="GET /api/images/latest should return image" time="0.007"/>
<testcase classname="Routing Image Endpoints" name="should cache POST to /api/images" time="0.011"/>
<testcase classname="Routing Image Endpoints" name="should reject invalid file upload" time="0.025"/>
<testcase classname="Routing Audio Endpoints" name="GET /api/audio should return audioFile list" time="0.128"/>
<testcase classname="Routing Audio Endpoints" name="POST /api/audio/:docID should accept valid audio" time="1.571"/>
<testcase classname="Routing Audio Endpoints" name="GET /api/audio/:docID should return audio" time="0.275"/>
<testcase classname="Routing Audio Endpoints" name="DELETE /api/audio should delete audio" time="0.229"/>
<testcase classname="Routing Audio Endpoints" name="GET /api/audio/latest should return audio" time="0.02"/>
<testcase classname="Routing Audio Endpoints" name="should reject invalid file upload" time="0.015"/>
<testcase classname="Routing Audio Endpoints" name="user cannot DELETE audio" time="0.098"/>
<testcase classname="Routing Audio Endpoints" name="can connect and listen to drone audio stream" time="0.035"/>
<testcase classname="Routing Audio Endpoints" name="can connect and listen to client audio stream" time="0.015"/>
<testcase classname="Routing GPS Endpoints" name="should return data from a set point" time="0.146"/>
<testcase classname="Routing GPS Endpoints" name="should return data between two points" time="0.179"/>
<testcase classname="Routing User Endpoints" name="user can query own information" time="0.113"/>
<testcase classname="Routing User Endpoints" name="user cannot query other users information" time="0.356"/>
<testcase classname="Routing User Endpoints" name="admin can add new user and login" time="0.767"/>
<testcase classname="Routing User Endpoints" name="admin can delete user" time="0.341"/>
<testcase classname="Routing Drone Endpoints" name="user can add drone" time="0.425"/>
<testcase classname="Routing Drone Endpoints" name="user can delete drone" time="0.345"/>
<testcase classname="Routing Drone Endpoints" name="user can query own drone information" time="0.693"/>
</testsuite>
