[ 'testImage.jpg' ]
[ 'testImage.jpg' ]
uploads\testImage.jpg
[ 'testImage.jpg', 'testInvalidImage.txt' ]
[ 'testImage.jpg', 'testInvalidImage.txt' ]
uploads\testInvalidImage.txt
2 listeners
4 listeners
<testsuite name="Mocha Tests" tests="38" failures="1" errors="1" skipped="0" timestamp="Sat, 14 May 2016 19:49:26 GMT" time="18.626">
<testcase classname="Routing Website" name="should return index.html" time="0.016"/>
<testcase classname="Routing Website" name="should return /login" time="0.005"/>
<testcase classname="Routing Security" name="should be prevented from using secure URIs before login" time="0.004"/>
<testcase classname="Routing Security" name="should not allow empty login" time="0.002"/>
<testcase classname="Routing Security" name="should not allow invalid login" time="0.036"/>
<testcase classname="Routing Security" name="should allow valid login" time="0.076"/>
<testcase classname="Routing Security" name="should allow access to secure URIs post login" time="0.244"/>
<testcase classname="Routing Path param checking" name="should detect when timeFrom is not a number" time="0.021"/>
<testcase classname="Routing Path param checking" name="should detect when timeTill is not a number" time="0.008"/>
<testcase classname="Routing Path param checking" name="should detect when dronename is not valid" time="0.12"><failure><![CDATA[expected 400 &amp;quot;Bad Request&amp;quot;, got 500 &amp;quot;Internal Server Error&amp;quot;
Error: expected 400 &quot;Bad Request&quot;, got 500 &quot;Internal Server Error&quot;
    at Test._assertStatus (C:\Users\Jake\meng\drone\node_modules\supertest\lib\test.js:232:12)
    at Test._assertFunction (C:\Users\Jake\meng\drone\node_modules\supertest\lib\test.js:247:11)
    at Test.assert (C:\Users\Jake\meng\drone\node_modules\supertest\lib\test.js:148:18)
    at Server.assert (C:\Users\Jake\meng\drone\node_modules\supertest\lib\test.js:127:12)
    at emitCloseNT (net.js:1521:8)]]></failure></testcase>
<testcase classname="Routing Sensor Endpoints" name="should return data from a set point" time="0.104"/>
<testcase classname="Routing Sensor Endpoints" name="should return data between two points" time="0.107"/>
<testcase classname="Routing Sensor Endpoints" name="should return data between two points with a type" time="0.112"/>
<testcase classname="Routing Image Endpoints" name="GET /api/images should return imageFile list" time="0.111"/>
<testcase classname="Routing Image Endpoints" name="POST /api/images/:docID should accept valid image" time="0.877"/>
<testcase classname="Routing Image Endpoints" name="GET /api/images/:docID should return image" time="0.23"/>
<testcase classname="Routing Image Endpoints" name="DELETE /api/images should delete image" time="0.536"/>
<testcase classname="Routing Image Endpoints" name="GET /api/images/latest should return image" time="0.012"/>
<testcase classname="Routing Image Endpoints" name="should cache POST to /api/images" time="0.011"/>
<testcase classname="Routing Image Endpoints" name="should reject invalid file upload" time="0.025"/>
<testcase classname="Routing Audio Endpoints" name="GET /api/audio should return audioFile list" time="0.11"/>
<testcase classname="Routing Audio Endpoints" name="POST /api/audio/:docID should accept valid audio" time="1.536"/>
<testcase classname="Routing Audio Endpoints" name="GET /api/audio/:docID should return audio" time="9.724"/>
<testcase classname="Routing Audio Endpoints" name="DELETE /api/audio should delete audio" time="0.201"/>
<testcase classname="Routing Audio Endpoints" name="GET /api/audio/latest should return audio" time="0.025"/>
<testcase classname="Routing Audio Endpoints" name="should reject invalid file upload" time="0.016"/>
<testcase classname="Routing Audio Endpoints" name="user cannot DELETE audio" time="0.088"/>
<testcase classname="Routing Audio Endpoints" name="can connect and listen to drone audio stream" time="0.027"/>
<testcase classname="Routing Audio Endpoints" name="can connect and listen to client audio stream" time="0.015"/>
<testcase classname="Routing GPS Endpoints" name="should return data from a set point" time="0.103"/>
<testcase classname="Routing GPS Endpoints" name="should return data between two points" time="0.103"/>
<testcase classname="Routing User Endpoints" name="user can query own information" time="0.046"/>
<testcase classname="Routing User Endpoints" name="user cannot query other users information" time="0.08"/>
<testcase classname="Routing User Endpoints" name="admin can add new user and login" time="0.13"/>
<testcase classname="Routing User Endpoints" name="admin can delete user" time="0.037"/>
<testcase classname="Routing Drone Endpoints" name="user can add drone" time="0.058"/>
<testcase classname="Routing Drone Endpoints" name="user can delete drone" time="0.082"/>
<testcase classname="Routing Drone Endpoints" name="user can query own drone information" time="0.041"/>
</testsuite>
